c:\users\jason.penno\desktop\adventuregameproject_donepassedfixed\adventure\debug\vc140.pdb
c:\users\jason.penno\desktop\adventuregameproject_donepassedfixed\adventure\debug\vc140.idb
c:\users\jason.penno\desktop\adventuregameproject_donepassedfixed\adventure\debug\gameover.obj
c:\users\jason.penno\desktop\adventuregameproject_donepassedfixed\adventure\debug\healthpotion.obj
c:\users\jason.penno\desktop\adventuregameproject_donepassedfixed\adventure\debug\iteam.obj
c:\users\jason.penno\desktop\adventuregameproject_donepassedfixed\adventure\debug\keyroom.obj
c:\users\jason.penno\desktop\adventuregameproject_donepassedfixed\adventure\debug\locked.obj
c:\users\jason.penno\desktop\adventuregameproject_donepassedfixed\adventure\debug\loot.obj
c:\users\jason.penno\desktop\adventuregameproject_donepassedfixed\adventure\debug\main.obj
c:\users\jason.penno\desktop\adventuregameproject_donepassedfixed\adventure\debug\menu.obj
c:\users\jason.penno\desktop\adventuregameproject_donepassedfixed\adventure\debug\monster.obj
c:\users\jason.penno\desktop\adventuregameproject_donepassedfixed\adventure\debug\monsterroom.obj
c:\users\jason.penno\desktop\adventuregameproject_donepassedfixed\adventure\debug\player.obj
c:\users\jason.penno\desktop\adventuregameproject_donepassedfixed\adventure\debug\postion.obj
c:\users\jason.penno\desktop\adventuregameproject_donepassedfixed\adventure\debug\room.obj
c:\users\jason.penno\desktop\adventuregameproject_donepassedfixed\adventure\debug\roommanager.obj
c:\users\jason.penno\desktop\adventuregameproject_donepassedfixed\adventure\debug\start.obj
c:\users\jason.penno\desktop\adventuregameproject_donepassedfixed\adventure\debug\string.obj
c:\users\jason.penno\desktop\adventuregameproject_donepassedfixed\adventure\debug\sword.obj
c:\users\jason.penno\desktop\adventuregameproject_donepassedfixed\adventure\debug\ui.obj
c:\users\jason.penno\desktop\adventuregameproject_donepassedfixed\adventure\debug\weapon.obj
c:\users\jason.penno\desktop\adventuregameproject_donepassedfixed\adventure\debug\window.obj
c:\users\jason.penno\desktop\adventuregameproject_donepassedfixed\adventure\debug\attackpotion.obj
c:\users\jason.penno\desktop\adventuregameproject_donepassedfixed\adventure\debug\button.obj
c:\users\jason.penno\desktop\adventuregameproject_donepassedfixed\adventure\debug\empty.obj
c:\users\jason.penno\desktop\adventuregameproject_donepassedfixed\adventure\debug\end.obj
c:\users\jason.penno\desktop\adventuregameproject_donepassedfixed\adventure\debug\adventure.tlog\cl.command.1.tlog
c:\users\jason.penno\desktop\adventuregameproject_donepassedfixed\adventure\debug\adventure.tlog\cl.read.1.tlog
c:\users\jason.penno\desktop\adventuregameproject_donepassedfixed\adventure\debug\adventure.tlog\cl.write.1.tlog
