c:\users\jason.penno\desktop\adventuregameproject_donea\adventure\release\vc140.pdb
c:\users\jason.penno\desktop\adventuregameproject_donea\adventure\release\start.obj
c:\users\jason.penno\desktop\adventuregameproject_donea\adventure\release\roommanager.obj
c:\users\jason.penno\desktop\adventuregameproject_donea\adventure\release\room.obj
c:\users\jason.penno\desktop\adventuregameproject_donea\adventure\release\postion.obj
c:\users\jason.penno\desktop\adventuregameproject_donea\adventure\release\player.obj
c:\users\jason.penno\desktop\adventuregameproject_donea\adventure\release\monsterroom.obj
c:\users\jason.penno\desktop\adventuregameproject_donea\adventure\release\monster.obj
c:\users\jason.penno\desktop\adventuregameproject_donea\adventure\release\menu.obj
c:\users\jason.penno\desktop\adventuregameproject_donea\adventure\release\main.obj
c:\users\jason.penno\desktop\adventuregameproject_donea\adventure\release\loot.obj
c:\users\jason.penno\desktop\adventuregameproject_donea\adventure\release\locked.obj
c:\users\jason.penno\desktop\adventuregameproject_donea\adventure\release\keyroom.obj
c:\users\jason.penno\desktop\adventuregameproject_donea\adventure\release\iteam.obj
c:\users\jason.penno\desktop\adventuregameproject_donea\adventure\release\healthpotion.obj
c:\users\jason.penno\desktop\adventuregameproject_donea\adventure\release\gameover.obj
c:\users\jason.penno\desktop\adventuregameproject_donea\adventure\release\game.obj
c:\users\jason.penno\desktop\adventuregameproject_donea\adventure\release\end.obj
c:\users\jason.penno\desktop\adventuregameproject_donea\adventure\release\empty.obj
c:\users\jason.penno\desktop\adventuregameproject_donea\adventure\release\button.obj
c:\users\jason.penno\desktop\adventuregameproject_donea\adventure\release\attackpotion.obj
c:\users\jason.penno\desktop\adventuregameproject_donea\adventure\release\window.obj
c:\users\jason.penno\desktop\adventuregameproject_donea\adventure\release\weapon.obj
c:\users\jason.penno\desktop\adventuregameproject_donea\adventure\release\ui.obj
c:\users\jason.penno\desktop\adventuregameproject_donea\adventure\release\sword.obj
c:\users\jason.penno\desktop\adventuregameproject_donea\adventure\release\string.obj
c:\users\jason.penno\desktop\adventuregameproject_donea\release\adventure.exe
c:\users\jason.penno\desktop\adventuregameproject_donea\release\adventure.ipdb
c:\users\jason.penno\desktop\adventuregameproject_donea\release\adventure.iobj
c:\users\jason.penno\desktop\adventuregameproject_donea\release\adventure.pdb
c:\users\jason.penno\desktop\adventuregameproject_donea\adventure\release\adventure.tlog\cl.command.1.tlog
c:\users\jason.penno\desktop\adventuregameproject_donea\adventure\release\adventure.tlog\cl.read.1.tlog
c:\users\jason.penno\desktop\adventuregameproject_donea\adventure\release\adventure.tlog\cl.write.1.tlog
c:\users\jason.penno\desktop\adventuregameproject_donea\adventure\release\adventure.tlog\link.command.1.tlog
c:\users\jason.penno\desktop\adventuregameproject_donea\adventure\release\adventure.tlog\link.read.1.tlog
c:\users\jason.penno\desktop\adventuregameproject_donea\adventure\release\adventure.tlog\link.write.1.tlog
